c:\users\yt\source\repos\ntrender\ntrender\debug\vc141.pdb
c:\users\yt\source\repos\ntrender\ntrender\debug\vc141.idb
c:\users\yt\source\repos\ntrender\ntrender\debug\æº.obj
c:\users\yt\source\repos\ntrender\ntrender\debug\tgaimage.obj
c:\users\yt\source\repos\ntrender\ntrender\debug\ntutility.obj
c:\users\yt\source\repos\ntrender\ntrender\debug\nt.obj
c:\users\yt\source\repos\ntrender\ntrender\debug\model.obj
c:\users\yt\source\repos\ntrender\ntrender\debug\ntmath.obj
c:\users\yt\source\repos\ntrender\ntrender\debug\geometry.obj
c:\users\yt\source\repos\ntrender\ntrender\debug\ntrender.obj
c:\users\yt\source\repos\ntrender\ntrender\debug\nteffect.obj
c:\users\yt\source\repos\ntrender\ntrender\debug\lighthelper.obj
c:\users\yt\source\repos\ntrender\ntrender\debug\ntimage.obj
c:\users\yt\source\repos\ntrender\ntrender\debug\shaderassemble.obj
c:\users\yt\source\repos\ntrender\debug\ntrender.exe
c:\users\yt\source\repos\ntrender\debug\ntrender.pdb
c:\users\yt\source\repos\ntrender\ntrender\debug\ntrender.tlog\cl.command.1.tlog
c:\users\yt\source\repos\ntrender\ntrender\debug\ntrender.tlog\cl.read.1.tlog
c:\users\yt\source\repos\ntrender\ntrender\debug\ntrender.tlog\cl.write.1.tlog
c:\users\yt\source\repos\ntrender\ntrender\debug\ntrender.tlog\link.command.1.tlog
c:\users\yt\source\repos\ntrender\ntrender\debug\ntrender.tlog\link.read.1.tlog
c:\users\yt\source\repos\ntrender\ntrender\debug\ntrender.tlog\link.write.1.tlog
